Start testing: Nov 09 18:56 GMT
----------------------------------------------------------
1/1 Testing: rayTest.CircleIntersection
1/1 Test: rayTest.CircleIntersection
Command: "/home/demirel/RayTracer/build/RayTest" "--gtest_filter=rayTest.CircleIntersection" "--gtest_also_run_disabled_tests"
Directory: /home/demirel/RayTracer/build
"rayTest.CircleIntersection" start time: Nov 09 18:56 GMT
Output:
----------------------------------------------------------
Running main() from /home/demirel/RayTracer/build/_deps/googletest-src/googletest/src/gtest_main.cc
Note: Google Test filter = rayTest.CircleIntersection
[==========] Running 1 test from 1 test suite.
[----------] Global test environment set-up.
[----------] 1 test from rayTest
[ RUN      ] rayTest.CircleIntersection
/home/demirel/RayTracer/tests/testRay.cpp:30: Failure
Expected equality of these values:
  h->t
    Which is: -11
  tExcpected
    Which is: 9
[  FAILED  ] rayTest.CircleIntersection (0 ms)
[----------] 1 test from rayTest (0 ms total)

[----------] Global test environment tear-down
[==========] 1 test from 1 test suite ran. (0 ms total)
[  PASSED  ] 0 tests.
[  FAILED  ] 1 test, listed below:
[  FAILED  ] rayTest.CircleIntersection

 1 FAILED TEST
<end of output>
Test time =   0.00 sec
----------------------------------------------------------
Test Failed.
"rayTest.CircleIntersection" end time: Nov 09 18:56 GMT
"rayTest.CircleIntersection" time elapsed: 00:00:00
----------------------------------------------------------

End testing: Nov 09 18:56 GMT
